<?xml version="1.0" encoding="UTF-8"?>
<!-- Generated by org.testng.reporters.JUnitReportReporter -->
<testsuite ignored="0" hostname="iMac-de-Carlos.local" failures="0" tests="1" name="test.TestNGEj" time="0.010" errors="0" timestamp="07 Nov 2020 17:58:03 GMT" skipped="0">
  <testcase classname="test.TestNGEj" name="f" time="0.010"/>
</testsuite> <!-- test.TestNGEj -->
